# JRE version: Java(TM) SE Runtime Environment (8.0_102-b14) (build 1.8.0_102-b14)
# Java VM: Java HotSpot(TM) 64-Bit Server VM (25.102-b14 mixed mode linux-amd64 compressed oops)
Heap:
 PSYoungGen      total 457728K, used 7646K [0x00000000e0000000, 0x00000000fd400000, 0x0000000100000000)
  eden space 436224K, 0% used [0x00000000e0000000,0x00000000e0000000,0x00000000faa00000)
  from space 21504K, 35% used [0x00000000fbf00000,0x00000000fc6778d8,0x00000000fd400000)
  to   space 21504K, 0% used [0x00000000faa00000,0x00000000faa00000,0x00000000fbf00000)
 ParOldGen       total 349696K, used 17525K [0x00000000a0000000, 0x00000000b5580000, 0x00000000e0000000)
  object space 349696K, 5% used [0x00000000a0000000,0x00000000a111d6b8,0x00000000b5580000)
 Metaspace       used 47226K, capacity 47570K, committed 47912K, reserved 1089536K
  class space    used 8554K, capacity 8639K, committed 8744K, reserved 1048576K
GC Heap History (10 events):
Event: 2,661 GC heap after
Heap after GC invocations=2 (full 1):
 PSYoungGen      total 153088K, used 0K [0x00000000e0000000, 0x00000000f2b00000, 0x0000000100000000)
  eden space 131584K, 0% used [0x00000000e0000000,0x00000000e0000000,0x00000000e8080000)
  from space 21504K, 0% used [0x00000000e8080000,0x00000000e8080000,0x00000000e9580000)
  to   space 21504K, 0% used [0x00000000f1600000,0x00000000f1600000,0x00000000f2b00000)
 ParOldGen       total 349696K, used 14920K [0x00000000a0000000, 0x00000000b5580000, 0x00000000e0000000)
  object space 349696K, 4% used [0x00000000a0000000,0x00000000a0e92138,0x00000000b5580000)
 Metaspace       used 20844K, capacity 21198K, committed 21296K, reserved 1067008K
  class space    used 3561K, capacity 3672K, committed 3712K, reserved 1048576K
}
Event: 5,482 GC heap before
{Heap before GC invocations=3 (full 1):
 PSYoungGen      total 153088K, used 94841K [0x00000000e0000000, 0x00000000f2b00000, 0x0000000100000000)
  eden space 131584K, 72% used [0x00000000e0000000,0x00000000e5c9e790,0x00000000e8080000)
  from space 21504K, 0% used [0x00000000e8080000,0x00000000e8080000,0x00000000e9580000)
  to   space 21504K, 0% used [0x00000000f1600000,0x00000000f1600000,0x00000000f2b00000)
 ParOldGen       total 349696K, used 14920K [0x00000000a0000000, 0x00000000b5580000, 0x00000000e0000000)
  object space 349696K, 4% used [0x00000000a0000000,0x00000000a0e92138,0x00000000b5580000)
 Metaspace       used 35052K, capacity 35430K, committed 35496K, reserved 1079296K
  class space    used 6189K, capacity 6302K, committed 6312K, reserved 1048576K
Event: 6,250 GC heap after
Heap after GC invocations=3 (full 1):
 PSYoungGen      total 257536K, used 14576K [0x00000000e0000000, 0x00000000f2480000, 0x0000000100000000)
  eden space 242688K, 0% used [0x00000000e0000000,0x00000000e0000000,0x00000000eed00000)
  from space 14848K, 98% used [0x00000000f1600000,0x00000000f243c338,0x00000000f2480000)
  to   space 21504K, 0% used [0x00000000efa80000,0x00000000efa80000,0x00000000f0f80000)
 ParOldGen       total 349696K, used 14928K [0x00000000a0000000, 0x00000000b5580000, 0x00000000e0000000)
  object space 349696K, 4% used [0x00000000a0000000,0x00000000a0e94138,0x00000000b5580000)
 Metaspace       used 35052K, capacity 35430K, committed 35496K, reserved 1079296K
  class space    used 6189K, capacity 6302K, committed 6312K, reserved 1048576K
}
Event: 6,250 GC heap before
{Heap before GC invocations=4 (full 2):
 PSYoungGen      total 257536K, used 14576K [0x00000000e0000000, 0x00000000f2480000, 0x0000000100000000)
  eden space 242688K, 0% used [0x00000000e0000000,0x00000000e0000000,0x00000000eed00000)
  from space 14848K, 98% used [0x00000000f1600000,0x00000000f243c338,0x00000000f2480000)
  to   space 21504K, 0% used [0x00000000efa80000,0x00000000efa80000,0x00000000f0f80000)
 ParOldGen       total 349696K, used 14928K [0x00000000a0000000, 0x00000000b5580000, 0x00000000e0000000)
  object space 349696K, 4% used [0x00000000a0000000,0x00000000a0e94138,0x00000000b5580000)
 Metaspace       used 35052K, capacity 35430K, committed 35496K, reserved 1079296K
  class space    used 6189K, capacity 6302K, committed 6312K, reserved 1048576K
Event: 6,350 GC heap after
Heap after GC invocations=4 (full 2):
 PSYoungGen      total 257536K, used 0K [0x00000000e0000000, 0x00000000f2480000, 0x0000000100000000)
  eden space 242688K, 0% used [0x00000000e0000000,0x00000000e0000000,0x00000000eed00000)
  from space 14848K, 0% used [0x00000000f1600000,0x00000000f1600000,0x00000000f2480000)
  to   space 21504K, 0% used [0x00000000efa80000,0x00000000efa80000,0x00000000f0f80000)
 ParOldGen       total 349696K, used 17445K [0x00000000a0000000, 0x00000000b5580000, 0x00000000e0000000)
  object space 349696K, 4% used [0x00000000a0000000,0x00000000a11096a8,0x00000000b5580000)
 Metaspace       used 35050K, capacity 35424K, committed 35496K, reserved 1079296K
  class space    used 6188K, capacity 6300K, committed 6312K, reserved 1048576K
}
Event: 13,502 GC heap before
{Heap before GC invocations=5 (full 2):
 PSYoungGen      total 257536K, used 242688K [0x00000000e0000000, 0x00000000f2480000, 0x0000000100000000)
  eden space 242688K, 100% used [0x00000000e0000000,0x00000000eed00000,0x00000000eed00000)
  from space 14848K, 0% used [0x00000000f1600000,0x00000000f1600000,0x00000000f2480000)
  to   space 21504K, 0% used [0x00000000efa80000,0x00000000efa80000,0x00000000f0f80000)
 ParOldGen       total 349696K, used 17445K [0x00000000a0000000, 0x00000000b5580000, 0x00000000e0000000)
  object space 349696K, 4% used [0x00000000a0000000,0x00000000a11096a8,0x00000000b5580000)
 Metaspace       used 45218K, capacity 45554K, committed 45864K, reserved 1087488K
  class space    used 8054K, capacity 8159K, committed 8232K, reserved 1048576K
Event: 13,907 GC heap after
Heap after GC invocations=5 (full 2):
 PSYoungGen      total 278016K, used 13506K [0x00000000e0000000, 0x00000000fd400000, 0x0000000100000000)
  eden space 256512K, 0% used [0x00000000e0000000,0x00000000e0000000,0x00000000efa80000)
  from space 21504K, 62% used [0x00000000efa80000,0x00000000f07b09e8,0x00000000f0f80000)
  to   space 21504K, 0% used [0x00000000fbf00000,0x00000000fbf00000,0x00000000fd400000)
 ParOldGen       total 349696K, used 17453K [0x00000000a0000000, 0x00000000b5580000, 0x00000000e0000000)
  object space 349696K, 4% used [0x00000000a0000000,0x00000000a110b6a8,0x00000000b5580000)
 Metaspace       used 45218K, capacity 45554K, committed 45864K, reserved 1087488K
  class space    used 8054K, capacity 8159K, committed 8232K, reserved 1048576K
}
Event: 15,878 GC heap before
{Heap before GC invocations=6 (full 2):
 PSYoungGen      total 278016K, used 94469K [0x00000000e0000000, 0x00000000fd400000, 0x0000000100000000)
  eden space 256512K, 31% used [0x00000000e0000000,0x00000000e4f10bc0,0x00000000efa80000)
  from space 21504K, 62% used [0x00000000efa80000,0x00000000f07b09e8,0x00000000f0f80000)
  to   space 21504K, 0% used [0x00000000fbf00000,0x00000000fbf00000,0x00000000fd400000)
 ParOldGen       total 349696K, used 17453K [0x00000000a0000000, 0x00000000b5580000, 0x00000000e0000000)
  object space 349696K, 4% used [0x00000000a0000000,0x00000000a110b6a8,0x00000000b5580000)
 Metaspace       used 47226K, capacity 47570K, committed 47912K, reserved 1089536K
  class space    used 8554K, capacity 8639K, committed 8744K, reserved 1048576K
Event: 15,920 GC heap after
Heap after GC invocations=6 (full 2):
 PSYoungGen      total 457728K, used 7646K [0x00000000e0000000, 0x00000000fd400000, 0x0000000100000000)
  eden space 436224K, 0% used [0x00000000e0000000,0x00000000e0000000,0x00000000faa00000)
  from space 21504K, 35% used [0x00000000fbf00000,0x00000000fc6778d8,0x00000000fd400000)
  to   space 21504K, 0% used [0x00000000faa00000,0x00000000faa00000,0x00000000fbf00000)
 ParOldGen       total 349696K, used 17525K [0x00000000a0000000, 0x00000000b5580000, 0x00000000e0000000)
  object space 349696K, 5% used [0x00000000a0000000,0x00000000a111d6b8,0x00000000b5580000)
 Metaspace       used 47226K, capacity 47570K, committed 47912K, reserved 1089536K
  class space    used 8554K, capacity 8639K, committed 8744K, reserved 1048576K
}
Event: 15,920 GC heap before
{Heap before GC invocations=7 (full 3):
 PSYoungGen      total 457728K, used 7646K [0x00000000e0000000, 0x00000000fd400000, 0x0000000100000000)
  eden space 436224K, 0% used [0x00000000e0000000,0x00000000e0000000,0x00000000faa00000)
  from space 21504K, 35% used [0x00000000fbf00000,0x00000000fc6778d8,0x00000000fd400000)
  to   space 21504K, 0% used [0x00000000faa00000,0x00000000faa00000,0x00000000fbf00000)
 ParOldGen       total 349696K, used 17525K [0x00000000a0000000, 0x00000000b5580000, 0x00000000e0000000)
  object space 349696K, 5% used [0x00000000a0000000,0x00000000a111d6b8,0x00000000b5580000)
 Metaspace       used 47226K, capacity 47570K, committed 47912K, reserved 1089536K
  class space    used 8554K, capacity 8639K, committed 8744K, reserved 1048576K

